{
  "stats": {
    "suites": 1,
    "tests": 1,
    "passes": 1,
    "pending": 0,
    "failures": 0,
    "start": "2022-01-03T22:59:43.198Z",
    "end": "2022-01-03T22:59:52.947Z",
    "duration": 9749,
    "testsRegistered": 1,
    "passPercent": 100,
    "pendingPercent": 0,
    "other": 0,
    "hasOther": false,
    "skipped": 0,
    "hasSkipped": false
  },
  "results": [
    {
      "uuid": "0daafc58-9cb0-4a38-85f3-5042076b70d8",
      "title": "",
      "fullFile": "cypress/integration/Cadastro.spec.js",
      "file": "cypress/integration/Cadastro.spec.js",
      "beforeHooks": [],
      "afterHooks": [],
      "tests": [],
      "suites": [
        {
          "uuid": "4f4cb1fd-c690-443a-b77e-b4f99f261916",
          "title": "cadastro",
          "fullFile": "",
          "file": "",
          "beforeHooks": [],
          "afterHooks": [],
          "tests": [
            {
              "title": "Quando eu informo os dados e finalizar, então cadastro deve ser efetuado",
              "fullTitle": "cadastro Quando eu informo os dados e finalizar, então cadastro deve ser efetuado",
              "timedOut": null,
              "duration": 6996,
              "state": "passed",
              "speed": "medium",
              "pass": true,
              "fail": false,
              "pending": false,
              "context": null,
              "code": "cy.visit('https://form-agilizei.netlify.app'); //inpus de texto/textarea/email\ncy.get('input[name=firstName]').type(chance.first());\ncy.get('input[name=lastName]').type(chance.last());\ncy.get('textarea[name=adress').type(chance.address());\ncy.get('input[name=emailAdress]').type(chance.email());\ncy.get('input[value=n]').check();\ncy.get('input[type=checkbox]').check('Netflix');\ncy.get('input[type=checkbox]').check('Dormir'); //Inputs do tipos combobox\ncy.get('select#countries').select('Dinamarca', {\n  force: true\n});\ncy.get('select#years').select('2005', {\n  force: true\n});\ncy.get('select#months').select('Janeiro', {\n  force: true\n});\ncy.get('select#days').select('8', {\n  force: true\n}); //Inputs de senha -> Type\ncy.get('input#firstpassword').type('Alunos@2021');\ncy.get('input#secondpassword').type('Alunos@2021');\ncy.get('#submitbtn').click(); //espero que minha aplicaçao seja direcionada para a listagem\n//url\n//deve conter listagem.. should contain\ncy.url().should('contain', 'listagem');",
              "err": {},
              "uuid": "83ed1152-2437-4e2c-b608-6021040b72e2",
              "parentUUID": "4f4cb1fd-c690-443a-b77e-b4f99f261916",
              "isHook": false,
              "skipped": false
            }
          ],
          "suites": [],
          "passes": [
            "83ed1152-2437-4e2c-b608-6021040b72e2"
          ],
          "failures": [],
          "pending": [],
          "skipped": [],
          "duration": 6996,
          "root": false,
          "rootEmpty": false,
          "_timeout": 2000
        }
      ],
      "passes": [],
      "failures": [],
      "pending": [],
      "skipped": [],
      "duration": 0,
      "root": true,
      "rootEmpty": true,
      "_timeout": 2000
    }
  ],
  "meta": {
    "mocha": {
      "version": "7.0.1"
    },
    "mochawesome": {
      "options": {
        "quiet": true,
        "reportFilename": "mochawesome",
        "saveHtml": false,
        "saveJson": true,
        "consoleReporter": "spec",
        "useInlineDiffs": false,
        "code": true
      },
      "version": "7.0.1"
    },
    "marge": {
      "options": {
        "id": "default",
        "reportDir": "mochawesome-report",
        "quiet": true,
        "overwrite": false,
        "html": false,
        "json": true
      },
      "version": "6.0.1"
    }
  }
}