{
  "stats": {
    "suites": 1,
    "tests": 2,
    "passes": 1,
    "pending": 0,
    "failures": 1,
    "start": "2022-01-03T23:00:01.017Z",
    "end": "2022-01-03T23:00:03.955Z",
    "duration": 2938,
    "testsRegistered": 2,
    "passPercent": 50,
    "pendingPercent": 0,
    "other": 0,
    "hasOther": false,
    "skipped": 0,
    "hasSkipped": false
  },
  "results": [
    {
      "uuid": "4709fe85-d1e6-4656-a912-e74395734ce2",
      "title": "",
      "fullFile": "cypress/integration/listagem.spec.js",
      "file": "cypress/integration/listagem.spec.js",
      "beforeHooks": [],
      "afterHooks": [],
      "tests": [],
      "suites": [
        {
          "uuid": "3defe23c-0e28-4bf3-b01a-3d556c30865f",
          "title": "listagem",
          "fullFile": "",
          "file": "",
          "beforeHooks": [],
          "afterHooks": [],
          "tests": [
            {
              "title": "Quando não houver cadastros, então a listagem deve estar vazia",
              "fullTitle": "listagem Quando não houver cadastros, então a listagem deve estar vazia",
              "timedOut": null,
              "duration": 829,
              "state": "passed",
              "speed": "fast",
              "pass": true,
              "fail": false,
              "pending": false,
              "context": null,
              "code": "cy.fixture('listagem-vazia').then(data => {\n  window.localStorage.setItem('data', JSON.stringify(data));\n});\ncy.visit('https://form-agilizei.netlify.app/listagem.html');\ncy.get('table tbody tr').should('have.length', 0);",
              "err": {},
              "uuid": "6fa131d1-33b8-484e-8e0e-a74f44a06d18",
              "parentUUID": "3defe23c-0e28-4bf3-b01a-3d556c30865f",
              "isHook": false,
              "skipped": false
            },
            {
              "title": "Quando houver um ou mais cadastros, então a listagem deve estar cada registro",
              "fullTitle": "listagem Quando houver um ou mais cadastros, então a listagem deve estar cada registro",
              "timedOut": null,
              "duration": 373,
              "state": "failed",
              "speed": null,
              "pass": false,
              "fail": true,
              "pending": false,
              "context": null,
              "code": "cy.fixture('listagem-com-itens').then(data => {\n  window.localStorage.setItem('data', JSON.stringify(data));\n});\ncy.visit('https://form-agilizei.netlify.app/listagem.html');\ncy.get('table tbody tr').should('have.length', 2);",
              "err": {
                "message": "Error: A fixture file could not be found at any of the following paths:\n\n> cypress/fixtures/listagem-com-itens\n> cypress/fixtures/listagem-com-itens{{extension}}\n\nCypress looked for these file extensions at the provided path:\n\n> .json, .js, .coffee, .html, .txt, .csv, .png, .jpg, .jpeg, .gif, .tif, .tiff, .zip\n\nProvide a path to an existing fixture file.",
                "estack": "Error: A fixture file could not be found at any of the following paths:\n\n> cypress/fixtures/listagem-com-itens\n> cypress/fixtures/listagem-com-itens{{extension}}\n\nCypress looked for these file extensions at the provided path:\n\n> .json, .js, .coffee, .html, .txt, .csv, .png, .jpg, .jpeg, .gif, .tif, .tiff, .zip\n\nProvide a path to an existing fixture file.\n    at get (/home/runner/.cache/Cypress/8.7.0/Cypress/resources/app/packages/server/lib/errors.js:1035:15)\n    at Object.throwErr [as throw] (/home/runner/.cache/Cypress/8.7.0/Cypress/resources/app/packages/server/lib/errors.js:1053:9)\n    at Object.<anonymous> (/home/runner/.cache/Cypress/8.7.0/Cypress/resources/app/packages/server/lib/fixture.js:63:23)\n    at Object.tryCatcher (/home/runner/.cache/Cypress/8.7.0/Cypress/resources/app/packages/server/node_modules/bluebird/js/release/util.js:16:23)\n    at Promise._settlePromiseFromHandler (/home/runner/.cache/Cypress/8.7.0/Cypress/resources/app/packages/server/node_modules/bluebird/js/release/promise.js:547:31)\n    at Promise._settlePromise (/home/runner/.cache/Cypress/8.7.0/Cypress/resources/app/packages/server/node_modules/bluebird/js/release/promise.js:604:18)\n    at Promise._settlePromise0 (/home/runner/.cache/Cypress/8.7.0/Cypress/resources/app/packages/server/node_modules/bluebird/js/release/promise.js:649:10)\n    at Promise._settlePromises (/home/runner/.cache/Cypress/8.7.0/Cypress/resources/app/packages/server/node_modules/bluebird/js/release/promise.js:729:18)\n    at Promise._fulfill (/home/runner/.cache/Cypress/8.7.0/Cypress/resources/app/packages/server/node_modules/bluebird/js/release/promise.js:673:18)\n    at /home/runner/.cache/Cypress/8.7.0/Cypress/resources/app/packages/server/node_modules/bluebird/js/release/nodeback.js:42:21\n    at f (/home/runner/.cache/Cypress/8.7.0/Cypress/resources/app/packages/server/node_modules/once/once.js:25:25)\n    at Glob.<anonymous> (/home/runner/.cache/Cypress/8.7.0/Cypress/resources/app/packages/server/node_modules/glob/glob.js:151:7)\n    at Glob.emit (events.js:376:20)\n    at Glob._finish (/home/runner/.cache/Cypress/8.7.0/Cypress/resources/app/packages/server/node_modules/glob/glob.js:197:8)\n    at done (/home/runner/.cache/Cypress/8.7.0/Cypress/resources/app/packages/server/node_modules/glob/glob.js:182:14)\n    at Glob._processSimple2 (/home/runner/.cache/Cypress/8.7.0/Cypress/resources/app/packages/server/node_modules/glob/glob.js:688:12)\n    at /home/runner/.cache/Cypress/8.7.0/Cypress/resources/app/packages/server/node_modules/glob/glob.js:676:10\n    at Glob._stat2 (/home/runner/.cache/Cypress/8.7.0/Cypress/resources/app/packages/server/node_modules/glob/glob.js:772:12)\n    at lstatcb_ (/home/runner/.cache/Cypress/8.7.0/Cypress/resources/app/packages/server/node_modules/glob/glob.js:764:12)\n    at RES (/home/runner/.cache/Cypress/8.7.0/Cypress/resources/app/packages/server/node_modules/inflight/inflight.js:31:16)\n    at f (/home/runner/.cache/Cypress/8.7.0/Cypress/resources/app/packages/server/node_modules/once/once.js:25:25)\n    at callback (/home/runner/.cache/Cypress/8.7.0/Cypress/resources/app/packages/server/node_modules/graceful-fs/polyfills.js:289:20)\n    at FSReqCallback.oncomplete (fs.js:192:21)\n",
                "diff": null
              },
              "uuid": "639edc3b-3334-4f89-b940-388bd7d622b2",
              "parentUUID": "3defe23c-0e28-4bf3-b01a-3d556c30865f",
              "isHook": false,
              "skipped": false
            }
          ],
          "suites": [],
          "passes": [
            "6fa131d1-33b8-484e-8e0e-a74f44a06d18"
          ],
          "failures": [
            "639edc3b-3334-4f89-b940-388bd7d622b2"
          ],
          "pending": [],
          "skipped": [],
          "duration": 1202,
          "root": false,
          "rootEmpty": false,
          "_timeout": 2000
        }
      ],
      "passes": [],
      "failures": [],
      "pending": [],
      "skipped": [],
      "duration": 0,
      "root": true,
      "rootEmpty": true,
      "_timeout": 2000
    }
  ],
  "meta": {
    "mocha": {
      "version": "7.0.1"
    },
    "mochawesome": {
      "options": {
        "quiet": true,
        "reportFilename": "mochawesome",
        "saveHtml": false,
        "saveJson": true,
        "consoleReporter": "spec",
        "useInlineDiffs": false,
        "code": true
      },
      "version": "7.0.1"
    },
    "marge": {
      "options": {
        "id": "default",
        "reportDir": "mochawesome-report",
        "quiet": true,
        "overwrite": false,
        "html": false,
        "json": true
      },
      "version": "6.0.1"
    }
  }
}